\BOOKMARK [0][-]{chapter.1}{\376\377\000F\000o\000u\000n\000d\000a\000t\000i\000o\000n\000s\000\040\000o\000f\000\040\000A\000r\000i\000t\000h\000m\000e\000t\000i\000c}{}% 1
\BOOKMARK [1][-]{section.1.1}{\376\377\000O\000r\000d\000e\000r\000\040\000o\000f\000\040\000O\000p\000e\000r\000a\000t\000i\000o\000n\000s}{chapter.1}% 2
\BOOKMARK [2][-]{subsection.1.1.1}{\376\377\000C\000o\000m\000m\000o\000n\000\040\000P\000i\000t\000f\000a\000l\000l\000s}{section.1.1}% 3
\BOOKMARK [2][-]{subsection.1.1.2}{\376\377\000O\000r\000d\000e\000r\000\040\000o\000f\000\040\000O\000p\000e\000r\000a\000t\000i\000o\000n\000\040\000a\000n\000d\000\040\000Y\000o\000u\000r\000\040\000C\000a\000l\000c\000u\000l\000a\000t\000o\000r}{section.1.1}% 4
\BOOKMARK [2][-]{subsection.1.1.3}{\376\377\000E\000x\000e\000r\000c\000i\000s\000e\000s}{section.1.1}% 5
\BOOKMARK [1][-]{section.1.2}{\376\377\000A\000r\000i\000t\000h\000m\000e\000t\000i\000c\000\040\000w\000i\000t\000h\000\040\000F\000r\000a\000c\000t\000i\000o\000n\000s}{chapter.1}% 6
\BOOKMARK [2][-]{subsection.1.2.1}{\376\377\000A\000d\000d\000i\000n\000g\000\040\000a\000n\000d\000\040\000S\000u\000b\000t\000r\000a\000c\000t\000i\000n\000g\000\040\000F\000r\000a\000c\000t\000i\000o\000n\000s}{section.1.2}% 7
\BOOKMARK [2][-]{subsection.1.2.2}{\376\377\000M\000u\000l\000t\000i\000p\000l\000y\000i\000n\000g\000\040\000a\000n\000d\000\040\000D\000i\000v\000i\000d\000i\000n\000g\000\040\000F\000r\000a\000c\000t\000i\000o\000n\000s}{section.1.2}% 8
\BOOKMARK [2][-]{subsection.1.2.3}{\376\377\000R\000e\000d\000u\000c\000i\000n\000g\000\040\000F\000r\000a\000c\000t\000i\000o\000n\000s\000\040\000t\000o\000\040\000L\000o\000w\000e\000s\000t\000\040\000T\000e\000r\000m\000s}{section.1.2}% 9
\BOOKMARK [2][-]{subsection.1.2.4}{\376\377\000F\000r\000a\000c\000t\000i\000o\000n\000\040\000A\000r\000i\000t\000h\000m\000e\000t\000i\000c\000\040\000a\000n\000d\000\040\000Y\000o\000u\000r\000\040\000C\000a\000l\000c\000u\000l\000a\000t\000o\000r}{section.1.2}% 10
\BOOKMARK [2][-]{subsection.1.2.5}{\376\377\000C\000l\000o\000s\000i\000n\000g\000\040\000T\000h\000o\000u\000g\000h\000t\000s}{section.1.2}% 11
\BOOKMARK [2][-]{subsection.1.2.6}{\376\377\000E\000x\000e\000r\000c\000i\000s\000e\000s}{section.1.2}% 12
\BOOKMARK [1][-]{section.1.3}{\376\377\000A\000l\000g\000e\000b\000r\000a\000i\000c\000\040\000S\000u\000b\000s\000t\000i\000t\000u\000t\000i\000o\000n}{chapter.1}% 13
\BOOKMARK [2][-]{subsection.1.3.1}{\376\377\000S\000u\000b\000s\000t\000i\000t\000u\000t\000i\000o\000n\000\040\000i\000n\000\040\000A\000l\000g\000e\000b\000r\000a\000i\000c\000\040\000E\000x\000p\000r\000e\000s\000s\000i\000o\000n\000s}{section.1.3}% 14
\BOOKMARK [2][-]{subsection.1.3.2}{\376\377\000F\000o\000r\000m\000u\000l\000a\000s}{section.1.3}% 15
\BOOKMARK [2][-]{subsection.1.3.3}{\376\377\000I\000n\000p\000u\000t\000-\000O\000u\000t\000p\000u\000t\000\040\000a\000n\000d\000\040\000Y\000o\000u\000r\000\040\000C\000a\000l\000c\000u\000l\000a\000t\000o\000r}{section.1.3}% 16
\BOOKMARK [2][-]{subsection.1.3.4}{\376\377\000T\000a\000b\000l\000e\000s\000\040\000w\000i\000t\000h\000\040\000M\000u\000l\000t\000i\000p\000l\000e\000\040\000I\000n\000p\000u\000t\000s}{section.1.3}% 17
\BOOKMARK [2][-]{subsection.1.3.5}{\376\377\000E\000x\000e\000r\000c\000i\000s\000e\000s}{section.1.3}% 18
\BOOKMARK [1][-]{section.1.4}{\376\377\000F\000o\000u\000n\000d\000a\000t\000i\000o\000n\000\040\000o\000f\000\040\000A\000r\000i\000t\000h\000m\000e\000t\000i\000c\000\040\000R\000e\000v\000i\000e\000w\000\040\000Q\000u\000e\000s\000t\000i\000o\000n\000s}{chapter.1}% 19
\BOOKMARK [0][-]{chapter.2}{\376\377\000F\000o\000u\000n\000d\000a\000t\000i\000o\000n\000s\000\040\000o\000f\000\040\000A\000l\000g\000e\000b\000r\000a}{}% 20
\BOOKMARK [1][-]{section.2.1}{\376\377\000A\000l\000g\000e\000b\000r\000a\000i\000c\000\040\000E\000x\000p\000r\000e\000s\000s\000i\000o\000n\000s}{chapter.2}% 21
\BOOKMARK [2][-]{subsection.2.1.1}{\376\377\000T\000e\000r\000m\000s}{section.2.1}% 22
\BOOKMARK [2][-]{subsection.2.1.2}{\376\377\000S\000i\000m\000p\000l\000i\000f\000y\000i\000n\000g\000\040\000T\000e\000r\000m\000s}{section.2.1}% 23
\BOOKMARK [2][-]{subsection.2.1.3}{\376\377\000C\000o\000m\000b\000i\000n\000i\000n\000g\000\040\000L\000i\000k\000e\000\040\000T\000e\000r\000m\000s}{section.2.1}% 24
\BOOKMARK [2][-]{subsection.2.1.4}{\376\377\000E\000x\000e\000r\000c\000i\000s\000e\000s}{section.2.1}% 25
\BOOKMARK [1][-]{section.2.2}{\376\377\000D\000i\000s\000t\000r\000i\000b\000u\000t\000i\000o\000n}{chapter.2}% 26
\BOOKMARK [2][-]{subsection.2.2.1}{\376\377\000E\000x\000e\000r\000c\000i\000s\000e\000s}{section.2.2}% 27
\BOOKMARK [1][-]{section.2.3}{\376\377\000A\000l\000g\000e\000b\000r\000a\000i\000c\000\040\000E\000x\000p\000r\000e\000s\000s\000i\000o\000n\000s\000\040\000E\000x\000p\000o\000n\000e\000n\000t\000s}{chapter.2}% 28
\BOOKMARK [2][-]{subsection.2.3.1}{\376\377\000E\000x\000p\000o\000n\000e\000n\000t\000s\000\040\000a\000n\000d\000\040\000M\000u\000l\000t\000i\000p\000l\000i\000c\000a\000t\000i\000o\000n}{section.2.3}% 29
\BOOKMARK [2][-]{subsection.2.3.2}{\376\377\000E\000x\000p\000o\000n\000e\000n\000t\000s\000\040\000a\000n\000d\000\040\000D\000i\000v\000i\000s\000i\000o\000n}{section.2.3}% 30
\BOOKMARK [2][-]{subsection.2.3.3}{\376\377\000E\000x\000p\000o\000n\000e\000n\000t\000s\000\040\000a\000n\000d\000\040\000E\000x\000p\000r\000e\000s\000s\000i\000o\000n\000s}{section.2.3}% 31
\BOOKMARK [2][-]{subsection.2.3.4}{\376\377\000E\000x\000p\000o\000n\000e\000n\000t\000s\000\040\000a\000n\000d\000\040\000F\000r\000a\000c\000t\000i\000o\000n\000s}{section.2.3}% 32
\BOOKMARK [2][-]{subsection.2.3.5}{\376\377\000E\000x\000e\000r\000c\000i\000s\000e\000s}{section.2.3}% 33
\BOOKMARK [1][-]{section.2.4}{\376\377\000N\000e\000g\000a\000t\000i\000v\000e\000\040\000E\000x\000p\000o\000n\000e\000n\000t\000s}{chapter.2}% 34
\BOOKMARK [2][-]{subsection.2.4.1}{\376\377\000E\000x\000e\000r\000c\000i\000s\000e\000s}{section.2.4}% 35
\BOOKMARK [1][-]{section.2.5}{\376\377\000F\000a\000c\000t\000o\000r\000i\000n\000g\000:\000\040\000C\000o\000m\000m\000o\000n\000\040\000F\000a\000c\000t\000o\000r}{chapter.2}% 36
\BOOKMARK [2][-]{subsection.2.5.1}{\376\377\000C\000o\000m\000m\000o\000n\000\040\000F\000a\000c\000t\000o\000r}{section.2.5}% 37
\BOOKMARK [2][-]{subsection.2.5.2}{\376\377\000F\000a\000c\000t\000o\000r\000\040\000b\000y\000\040\000G\000r\000o\000u\000p\000i\000n\000g}{section.2.5}% 38
\BOOKMARK [2][-]{subsection.2.5.3}{\376\377\000E\000x\000e\000r\000c\000i\000s\000e\000s}{section.2.5}% 39
\BOOKMARK [1][-]{section.2.6}{\376\377\000F\000a\000c\000t\000o\000r\000i\000n\000g\000:\000\040\000S\000e\000c\000o\000n\000d\000\040\000D\000e\000g\000r\000e\000e\000\040\000E\000x\000p\000r\000e\000s\000s\000i\000o\000n}{chapter.2}% 40
\BOOKMARK [2][-]{subsection.2.6.1}{\376\377\000E\000x\000e\000r\000c\000i\000s\000e\000s}{section.2.6}% 41
\BOOKMARK [1][-]{section.2.7}{\376\377\000F\000o\000u\000n\000d\000a\000t\000i\000o\000n\000s\000\040\000o\000f\000\040\000A\000l\000g\000e\000b\000r\000a\000\040\000R\000e\000v\000i\000e\000w}{chapter.2}% 42
\BOOKMARK [0][-]{chapter.3}{\376\377\000S\000o\000l\000v\000i\000n\000g\000\040\000E\000q\000u\000a\000t\000i\000o\000n\000s}{}% 43
\BOOKMARK [1][-]{section.3.1}{\376\377\000S\000o\000l\000v\000i\000n\000g\000\040\000F\000i\000r\000s\000t\000\040\000D\000e\000g\000r\000e\000e\000\040\000E\000q\000u\000a\000t\000i\000o\000n\000s}{chapter.3}% 44
\BOOKMARK [2][-]{subsection.3.1.1}{\376\377\000S\000o\000l\000v\000i\000n\000g\000\040\000E\000q\000u\000a\000t\000i\000o\000n\000s\000\040\000U\000s\000i\000n\000g\000\040\000t\000h\000e\000\040\000B\000a\000l\000a\000n\000c\000e\000\040\000P\000r\000i\000n\000c\000i\000p\000l\000e}{section.3.1}% 45
\BOOKMARK [2][-]{subsection.3.1.2}{\376\377\000S\000o\000l\000v\000i\000n\000g\000\040\000E\000q\000u\000a\000t\000i\000o\000n\000s\000\040\000I\000n\000v\000o\000l\000v\000i\000n\000g\000\040\000F\000r\000a\000c\000t\000i\000o\000n\000s}{section.3.1}% 46
\BOOKMARK [2][-]{subsection.3.1.3}{\376\377\000I\000d\000e\000n\000t\000i\000t\000i\000e\000s\000\040\000a\000n\000d\000\040\000C\000o\000n\000t\000r\000a\000d\000i\000c\000t\000i\000o\000n\000s}{section.3.1}% 47
\BOOKMARK [2][-]{subsection.3.1.4}{\376\377\000S\000o\000l\000v\000i\000n\000g\000\040\000f\000o\000r\000\040\000O\000n\000e\000\040\000V\000a\000r\000i\000a\000b\000l\000e\000\040\000i\000n\000\040\000T\000e\000r\000m\000s\000\040\000o\000f\000\040\000O\000t\000h\000e\000r\000s}{section.3.1}% 48
\BOOKMARK [2][-]{subsection.3.1.5}{\376\377\000E\000x\000e\000r\000c\000i\000s\000e\000s}{section.3.1}% 49
\BOOKMARK [1][-]{section.3.2}{\376\377\000S\000o\000l\000v\000i\000n\000g\000\040\000S\000e\000c\000o\000n\000d\000\040\000D\000e\000g\000r\000e\000e\000\040\000E\000q\000u\000a\000t\000i\000o\000n\000s}{chapter.3}% 50
\BOOKMARK [2][-]{subsection.3.2.1}{\376\377\000T\000h\000e\000\040\000S\000q\000u\000a\000r\000e\000\040\000R\000o\000o\000t\000\040\000P\000r\000o\000p\000e\000r\000t\000y}{section.3.2}% 51
\BOOKMARK [2][-]{subsection.3.2.2}{\376\377\000F\000a\000c\000t\000o\000r\000\040\000t\000o\000\040\000S\000o\000l\000v\000e\000\040\000a\000\040\000S\000e\000c\000o\000n\000d\000-\000D\000e\000g\000r\000e\000e\000\040\000E\000q\000u\000a\000t\000i\000o\000n}{section.3.2}% 52
\BOOKMARK [2][-]{subsection.3.2.3}{\376\377\000E\000x\000e\000r\000c\000i\000s\000e\000s}{section.3.2}% 53
\BOOKMARK [1][-]{section.3.3}{\376\377\000S\000o\000l\000v\000i\000n\000g\000\040\000E\000q\000u\000a\000t\000i\000o\000n\000s\000\040\000o\000f\000\040\000D\000e\000g\000r\000e\000e\000\040\0002\000\040\000o\000r\000\040\000G\000r\000e\000a\000t\000e\000r}{chapter.3}% 54
\BOOKMARK [2][-]{subsection.3.3.1}{\376\377\000R\000a\000t\000i\000o\000n\000a\000l\000\040\000E\000x\000p\000o\000n\000e\000n\000t\000s}{section.3.3}% 55
\BOOKMARK [1][-]{section.3.4}{\376\377\000S\000o\000l\000v\000i\000n\000g\000\040\000u\000s\000i\000n\000g\000\040\000R\000a\000t\000i\000o\000n\000a\000l\000\040\000E\000x\000p\000o\000n\000e\000n\000t\000s}{chapter.3}% 56
\BOOKMARK [2][-]{subsection.3.4.1}{\376\377\000O\000n\000e\000\040\000S\000o\000l\000u\000t\000i\000o\000n\000\040\000o\000r\000\040\000M\000u\000l\000t\000i\000p\000l\000e\000\040\000S\000o\000l\000u\000t\000i\000o\000n\000s}{section.3.4}% 57
\BOOKMARK [2][-]{subsection.3.4.2}{\376\377\000E\000x\000e\000r\000c\000i\000s\000e\000s}{section.3.4}% 58
\BOOKMARK [1][-]{section.3.5}{\376\377\000S\000o\000l\000v\000i\000n\000g\000\040\000E\000q\000u\000a\000t\000i\000o\000n\000s\000\040\000R\000e\000v\000i\000e\000w\000\040\000Q\000u\000e\000s\000t\000i\000o\000n\000s}{chapter.3}% 59
\BOOKMARK [0][-]{chapter.4}{\376\377\000F\000o\000u\000n\000d\000a\000t\000i\000o\000n\000s\000\040\000o\000f\000\040\000F\000u\000n\000c\000t\000i\000o\000n\000s}{}% 60
\BOOKMARK [1][-]{section.4.1}{\376\377\000F\000u\000n\000c\000t\000i\000o\000n\000s}{chapter.4}% 61
\BOOKMARK [2][-]{subsection.4.1.1}{\376\377\000F\000u\000n\000c\000t\000i\000o\000n\000s}{section.4.1}% 62
\BOOKMARK [2][-]{subsection.4.1.2}{\376\377\000F\000u\000n\000c\000t\000i\000o\000n\000s\000\040\000a\000n\000d\000\040\000F\000o\000r\000m\000u\000l\000a\000s}{section.4.1}% 63
\BOOKMARK [2][-]{subsection.4.1.3}{\376\377\000F\000u\000n\000c\000t\000i\000o\000n\000s\000\040\000D\000e\000f\000i\000n\000e\000d\000\040\000V\000e\000r\000b\000a\000l\000l\000y}{section.4.1}% 64
\BOOKMARK [2][-]{subsection.4.1.4}{\376\377\000F\000u\000n\000c\000t\000i\000o\000n\000s\000\040\000D\000e\000f\000i\000n\000e\000d\000\040\000b\000y\000\040\000T\000a\000b\000l\000e\000s}{section.4.1}% 65
\BOOKMARK [2][-]{subsection.4.1.5}{\376\377\000D\000o\000m\000a\000i\000n\000\040\000a\000n\000d\000\040\000R\000a\000n\000g\000e}{section.4.1}% 66
\BOOKMARK [2][-]{subsection.4.1.6}{\376\377\000D\000e\000t\000e\000r\000m\000i\000n\000i\000n\000g\000\040\000W\000h\000e\000t\000h\000e\000r\000\040\000o\000r\000\040\000N\000o\000t\000\040\000a\000\040\000R\000u\000l\000e\000\040\000i\000s\000\040\000a\000\040\000F\000u\000n\000c\000t\000i\000o\000n}{section.4.1}% 67
\BOOKMARK [2][-]{subsection.4.1.7}{\376\377\000E\000x\000e\000r\000c\000i\000s\000e\000s}{section.4.1}% 68
\BOOKMARK [1][-]{section.4.2}{\376\377\000F\000u\000n\000c\000t\000i\000o\000n\000s\000\040\000a\000n\000d\000\040\000G\000r\000a\000p\000h\000s}{chapter.4}% 69
\BOOKMARK [2][-]{subsection.4.2.1}{\376\377\000F\000u\000n\000c\000t\000i\000o\000n\000s\000\040\000a\000n\000d\000\040\000C\000o\000o\000r\000d\000i\000n\000a\000t\000e\000s}{section.4.2}% 70
\BOOKMARK [2][-]{subsection.4.2.2}{\376\377\000G\000r\000a\000p\000h\000s}{section.4.2}% 71
\BOOKMARK [2][-]{subsection.4.2.3}{\376\377\000T\000h\000e\000\040\000G\000r\000a\000p\000h\000i\000n\000g\000\040\000C\000a\000l\000c\000u\000l\000a\000t\000o\000r}{section.4.2}% 72
\BOOKMARK [2][-]{subsection.4.2.4}{\376\377\000E\000x\000e\000r\000c\000i\000s\000e\000s}{section.4.2}% 73
\BOOKMARK [1][-]{section.4.3}{\376\377\000S\000o\000l\000v\000i\000n\000g\000\040\000E\000q\000u\000a\000t\000i\000o\000n\000s\000\040\000G\000r\000a\000p\000h\000i\000c\000a\000l\000l\000y}{chapter.4}% 74
\BOOKMARK [2][-]{subsection.4.3.1}{\376\377\000G\000r\000a\000p\000h\000i\000c\000a\000l\000\040\000S\000o\000l\000u\000t\000i\000o\000n}{section.4.3}% 75
\BOOKMARK [2][-]{subsection.4.3.2}{\376\377\000W\000i\000n\000d\000o\000w\000\040\000S\000e\000t\000t\000i\000n\000g\000\040\000f\000o\000r\000\040\000G\000r\000a\000p\000h\000i\000c\000a\000l\000\040\000S\000o\000l\000u\000t\000i\000o\000n}{section.4.3}% 76
\BOOKMARK [2][-]{subsection.4.3.3}{\376\377\000W\000h\000e\000n\000\040\000t\000o\000\040\000U\000s\000e\000\040\000a\000\040\000G\000r\000a\000p\000h\000i\000c\000a\000l\000\040\000S\000o\000l\000u\000t\000i\000o\000n}{section.4.3}% 77
\BOOKMARK [2][-]{subsection.4.3.4}{\376\377\000E\000x\000e\000r\000c\000i\000s\000e\000s}{section.4.3}% 78
\BOOKMARK [1][-]{section.4.4}{\376\377\000F\000u\000n\000c\000t\000i\000o\000n\000s\000\040\000a\000n\000d\000\040\000M\000a\000t\000h\000e\000m\000a\000t\000i\000c\000a\000l\000\040\000M\000o\000d\000e\000l\000s}{chapter.4}% 79
\BOOKMARK [2][-]{subsection.4.4.1}{\376\377\000F\000u\000n\000c\000t\000i\000o\000n\000s\000\040\000a\000s\000\040\000M\000a\000t\000h\000e\000m\000a\000t\000i\000c\000a\000l\000\040\000M\000o\000d\000e\000l\000s}{section.4.4}% 80
\BOOKMARK [2][-]{subsection.4.4.2}{\376\377\000I\000n\000t\000e\000r\000p\000r\000e\000t\000i\000n\000g\000\040\000F\000u\000n\000c\000t\000i\000o\000n\000\040\000N\000o\000t\000a\000t\000i\000o\000n}{section.4.4}% 81
\BOOKMARK [2][-]{subsection.4.4.3}{\376\377\000R\000e\000l\000e\000v\000a\000n\000t\000\040\000D\000o\000m\000a\000i\000n\000\040\000a\000n\000d\000\040\000R\000a\000n\000g\000e}{section.4.4}% 82
\BOOKMARK [2][-]{subsection.4.4.4}{\376\377\000E\000x\000e\000r\000c\000i\000s\000e\000s}{section.4.4}% 83
\BOOKMARK [1][-]{section.4.5}{\376\377\000I\000m\000p\000l\000i\000c\000i\000t\000\040\000F\000u\000n\000c\000t\000i\000o\000n\000s}{chapter.4}% 84
\BOOKMARK [2][-]{subsection.4.5.1}{\376\377\000I\000m\000p\000l\000i\000c\000i\000t\000\040\000F\000u\000n\000c\000t\000i\000o\000n\000s}{section.4.5}% 85
\BOOKMARK [2][-]{subsection.4.5.2}{\376\377\000R\000e\000w\000r\000i\000t\000i\000n\000g\000\040\000I\000m\000p\000l\000i\000c\000i\000t\000\040\000F\000u\000n\000c\000t\000i\000o\000n\000s\000\040\000i\000n\000\040\000E\000x\000p\000l\000i\000c\000i\000t\000\040\000F\000o\000r\000m}{section.4.5}% 86
\BOOKMARK [2][-]{subsection.4.5.3}{\376\377\000S\000w\000i\000t\000c\000h\000i\000n\000g\000\040\000I\000n\000p\000u\000t\000\040\000a\000n\000d\000\040\000O\000u\000t\000p\000u\000t\000\040\000V\000a\000r\000i\000a\000b\000l\000e\000s}{section.4.5}% 87
\BOOKMARK [2][-]{subsection.4.5.4}{\376\377\000E\000x\000e\000r\000c\000i\000s\000e\000s}{section.4.5}% 88
\BOOKMARK [1][-]{section.4.6}{\376\377\000R\000a\000t\000e\000s\000\040\000o\000f\000\040\000C\000h\000a\000n\000g\000e}{chapter.4}% 89
\BOOKMARK [2][-]{subsection.4.6.1}{\376\377\000A\000v\000e\000r\000a\000g\000e\000\040\000R\000a\000t\000e\000s\000\040\000o\000f\000\040\000C\000h\000a\000n\000g\000e}{section.4.6}% 90
\BOOKMARK [2][-]{subsection.4.6.2}{\376\377\000I\000n\000t\000e\000r\000p\000r\000e\000t\000i\000n\000g\000\040\000A\000v\000e\000r\000a\000g\000e\000\040\000R\000a\000t\000e\000s\000\040\000o\000f\000\040\000C\000h\000a\000n\000g\000e}{section.4.6}% 91
\BOOKMARK [2][-]{subsection.4.6.3}{\376\377\000C\000o\000n\000s\000t\000a\000n\000t\000\040\000v\000s\000.\000\040\000N\000o\000n\000c\000o\000n\000s\000t\000a\000n\000t\000\040\000R\000a\000t\000e\000s\000\040\000o\000f\000\040\000C\000h\000a\000n\000g\000e}{section.4.6}% 92
\BOOKMARK [2][-]{subsection.4.6.4}{\376\377\000E\000x\000e\000r\000c\000i\000s\000e\000s}{section.4.6}% 93
\BOOKMARK [1][-]{section.4.7}{\376\377\000F\000o\000u\000n\000d\000a\000t\000i\000o\000n\000s\000\040\000o\000f\000\040\000F\000u\000n\000c\000t\000i\000o\000n\000s\000\040\000R\000e\000v\000i\000e\000w\000\040\000Q\000u\000e\000s\000t\000i\000o\000n\000s}{chapter.4}% 94
\BOOKMARK [0][-]{chapter.5}{\376\377\000L\000i\000n\000e\000a\000r\000\040\000F\000u\000n\000c\000t\000i\000o\000n\000s}{}% 95
\BOOKMARK [1][-]{section.5.1}{\376\377\000L\000i\000n\000e\000a\000r\000\040\000F\000u\000n\000c\000t\000i\000o\000n\000s\000\040\000a\000n\000d\000\040\000T\000h\000e\000i\000r\000\040\000S\000l\000o\000p\000e\000s}{chapter.5}% 96
\BOOKMARK [2][-]{subsection.5.1.1}{\376\377\000L\000i\000n\000e\000a\000r\000\040\000F\000u\000n\000c\000t\000i\000o\000n\000s\000\040\000a\000n\000d\000\040\000S\000l\000o\000p\000e}{section.5.1}% 97
\BOOKMARK [2][-]{subsection.5.1.2}{\376\377\000L\000i\000n\000e\000a\000r\000\040\000F\000u\000n\000c\000t\000i\000o\000n\000s\000\040\000a\000n\000d\000\040\000M\000a\000t\000h\000e\000m\000a\000t\000i\000c\000a\000l\000\040\000M\000o\000d\000e\000l\000s}{section.5.1}% 98
\BOOKMARK [2][-]{subsection.5.1.3}{\376\377\000G\000r\000a\000p\000h\000s\000\040\000o\000f\000\040\000L\000i\000n\000e\000a\000r\000\040\000F\000u\000n\000c\000t\000i\000o\000n\000s}{section.5.1}% 99
\BOOKMARK [2][-]{subsection.5.1.4}{\376\377\000E\000x\000e\000r\000c\000i\000s\000e\000s}{section.5.1}% 100
\BOOKMARK [1][-]{section.5.2}{\376\377\000L\000i\000n\000e\000a\000r\000\040\000F\000u\000n\000c\000t\000i\000o\000n\000s\000\040\000a\000n\000d\000\040\000T\000h\000e\000i\000r\000\040\000I\000n\000t\000e\000r\000c\000e\000p\000t\000s}{chapter.5}% 101
\BOOKMARK [2][-]{subsection.5.2.1}{\376\377\000T\000h\000e\000\040\000V\000e\000r\000t\000i\000c\000a\000l\000\040\000I\000n\000t\000e\000r\000c\000e\000p\000t}{section.5.2}% 102
\BOOKMARK [2][-]{subsection.5.2.2}{\376\377\000S\000l\000o\000p\000e\000-\000I\000n\000t\000e\000r\000c\000e\000p\000t\000\040\000F\000o\000r\000m}{section.5.2}% 103
\BOOKMARK [2][-]{subsection.5.2.3}{\376\377\000T\000h\000e\000\040\000H\000o\000r\000i\000z\000o\000n\000t\000a\000l\000\040\000I\000n\000t\000e\000r\000c\000e\000p\000t}{section.5.2}% 104
\BOOKMARK [2][-]{subsection.5.2.4}{\376\377\000E\000x\000e\000r\000c\000i\000s\000e\000s}{section.5.2}% 105
\BOOKMARK [1][-]{section.5.3}{\376\377\000F\000i\000n\000d\000i\000n\000g\000\040\000F\000o\000r\000m\000u\000l\000a\000s\000\040\000f\000o\000r\000\040\000L\000i\000n\000e\000a\000r\000\040\000F\000u\000n\000c\000t\000i\000o\000n\000s}{chapter.5}% 106
\BOOKMARK [2][-]{subsection.5.3.1}{\376\377\000F\000o\000r\000m\000u\000l\000a\000s\000\040\000f\000o\000r\000\040\000L\000i\000n\000e\000a\000r\000\040\000F\000u\000n\000c\000t\000i\000o\000n\000s\000\040\000G\000i\000v\000e\000n\000\040\000S\000l\000o\000p\000e\000\040\000a\000n\000d\000\040\000I\000n\000t\000e\000r\000c\000e\000p\000t}{section.5.3}% 107
\BOOKMARK [2][-]{subsection.5.3.2}{\376\377\000F\000o\000r\000m\000u\000l\000a\000s\000\040\000f\000o\000r\000\040\000L\000i\000n\000e\000a\000r\000\040\000M\000o\000d\000e\000l\000s\000\040\000G\000i\000v\000e\000n\000\040\000S\000l\000o\000p\000e\000\040\000a\000n\000d\000\040\000I\000n\000p\000u\000t\000-\000O\000u\000t\000p\000u\000t\000\040\000P\000a\000i\000r}{section.5.3}% 108
\BOOKMARK [2][-]{subsection.5.3.3}{\376\377\000P\000o\000i\000n\000t\000-\000S\000l\000o\000p\000e\000\040\000F\000o\000r\000m}{section.5.3}% 109
\BOOKMARK [2][-]{subsection.5.3.4}{\376\377\000F\000o\000r\000m\000u\000l\000a\000s\000\040\000f\000o\000r\000\040\000L\000i\000n\000e\000a\000r\000\040\000M\000o\000d\000e\000l\000s\000\040\000G\000i\000v\000e\000n\000\040\000T\000w\000o\000\040\000I\000n\000p\000u\000t\000-\000O\000u\000t\000p\000u\000t\000\040\000P\000a\000i\000r\000s}{section.5.3}% 110
\BOOKMARK [2][-]{subsection.5.3.5}{\376\377\000E\000x\000e\000r\000c\000i\000s\000e\000s}{section.5.3}% 111
\BOOKMARK [1][-]{section.5.4}{\376\377\000L\000i\000n\000e\000a\000r\000\040\000F\000u\000n\000c\000t\000i\000o\000n\000s\000\040\000a\000n\000d\000\040\000T\000h\000e\000i\000r\000\040\000G\000r\000a\000p\000h\000s}{chapter.5}% 112
\BOOKMARK [2][-]{subsection.5.4.1}{\376\377\000G\000r\000a\000p\000h\000i\000c\000a\000l\000\040\000S\000o\000l\000u\000t\000i\000o\000n\000\040\000o\000f\000\040\000L\000i\000n\000e\000a\000r\000\040\000E\000q\000u\000a\000t\000i\000o\000n\000s}{section.5.4}% 113
\BOOKMARK [2][-]{subsection.5.4.2}{\376\377\000G\000r\000a\000p\000h\000i\000c\000a\000l\000\040\000S\000o\000l\000u\000t\000i\000o\000n\000\040\000o\000f\000\040\000L\000i\000n\000e\000a\000r\000\040\000I\000n\000e\000q\000u\000a\000l\000i\000t\000i\000e\000s}{section.5.4}% 114
\BOOKMARK [2][-]{subsection.5.4.3}{\376\377\000P\000a\000r\000a\000l\000l\000e\000l\000\040\000a\000n\000d\000\040\000P\000e\000r\000p\000e\000n\000d\000i\000c\000u\000l\000a\000r\000\040\000L\000i\000n\000e\000s}{section.5.4}% 115
\BOOKMARK [2][-]{subsection.5.4.4}{\376\377\000E\000x\000e\000r\000c\000i\000s\000e\000s}{section.5.4}% 116
\BOOKMARK [1][-]{section.5.5}{\376\377\000S\000y\000s\000t\000e\000m\000s\000\040\000o\000f\000\040\000L\000i\000n\000e\000a\000r\000\040\000E\000q\000u\000a\000t\000i\000o\000n\000s}{chapter.5}% 117
\BOOKMARK [2][-]{subsection.5.5.1}{\376\377\000L\000i\000n\000e\000a\000r\000\040\000S\000y\000s\000t\000e\000m\000s\000\040\000a\000n\000d\000\040\000t\000h\000e\000i\000r\000\040\000S\000o\000l\000u\000t\000i\000o\000n\000s}{section.5.5}% 118
\BOOKMARK [2][-]{subsection.5.5.2}{\376\377\000S\000o\000l\000v\000i\000n\000g\000\040\000L\000i\000n\000e\000a\000r\000\040\000S\000y\000s\000t\000e\000m\000s\000\040\000G\000r\000a\000p\000h\000i\000c\000a\000l\000l\000y}{section.5.5}% 119
\BOOKMARK [2][-]{subsection.5.5.3}{\376\377\000S\000o\000l\000v\000i\000n\000g\000\040\000L\000i\000n\000e\000a\000r\000\040\000S\000y\000s\000t\000e\000m\000s\000\040\000b\000y\000\040\000S\000u\000b\000s\000t\000i\000t\000u\000t\000i\000o\000n}{section.5.5}% 120
\BOOKMARK [2][-]{subsection.5.5.4}{\376\377\000S\000o\000l\000v\000i\000n\000g\000\040\000L\000i\000n\000e\000a\000r\000\040\000S\000y\000s\000t\000e\000m\000s\000\040\000b\000y\000\040\000E\000l\000i\000m\000i\000n\000a\000t\000i\000o\000n}{section.5.5}% 121
\BOOKMARK [2][-]{subsection.5.5.5}{\376\377\000S\000t\000r\000a\000t\000e\000g\000i\000e\000s\000\040\000f\000o\000r\000\040\000S\000o\000l\000v\000i\000n\000g\000\040\000L\000i\000n\000e\000a\000r\000\040\000S\000y\000s\000t\000e\000m\000s}{section.5.5}% 122
\BOOKMARK [2][-]{subsection.5.5.6}{\376\377\000E\000x\000e\000r\000c\000i\000s\000e\000s}{section.5.5}% 123
\BOOKMARK [1][-]{section.5.6}{\376\377\000L\000i\000n\000e\000a\000r\000\040\000F\000u\000n\000c\000t\000i\000o\000n\000s\000\040\000R\000e\000v\000i\000e\000w\000\040\000Q\000u\000e\000s\000t\000i\000o\000n\000s}{chapter.5}% 124
\BOOKMARK [0][-]{appendix.A}{\376\377\000S\000e\000l\000e\000c\000t\000e\000d\000\040\000A\000n\000s\000w\000e\000r\000s}{}% 125
\BOOKMARK [0][-]{appendix.B}{\376\377\000I\000n\000d\000e\000x}{}% 126
